Arguments: 
  C:\Program Files\nodejs\node.exe C:\Users\yujin\AppData\Roaming\npm\node_modules\yarn\bin\yarn.js add react-image-crop

PATH: 
  C:\Program Files\Common Files\Oracle\Java\javapath;C:\Program Files (x86)\Common Files\Oracle\Java\java8path;C:\Program Files (x86)\Common Files\Oracle\Java\javapath;C:\MinGW\bin;C:\Program Files\Python310\Scripts\;C:\Program Files\Python310\;C:\WINDOWS\system32;C:\WINDOWS;C:\WINDOWS\System32\Wbem;C:\WINDOWS\System32\WindowsPowerShell\v1.0\;C:\WINDOWS\System32\OpenSSH\;C:\Program Files\Git\cmd;C:\Program Files\PuTTY\;C:\Program Files\nodejs\;C:\Python310\Scripts\;C:\Python310\;C:\Users\yujin\AppData\Local\Microsoft\WindowsApps;C:\Users\yujin\AppData\Local\Programs\Microsoft VS Code\bin;C:\Users\yujin\AppData\Local\GitHubDesktop\bin;C:\Users\yujin\AppData\Roaming\npm;C:\Program Files\JetBrains\IntelliJ IDEA 2024.1.4\bin;;C:\flutter\bin;C:\Program Files\Java\jdk-1.8\bin;

Yarn version: 
  1.22.19

Node version: 
  20.9.0

Platform: 
  win32 x64

Trace: 
  Error: EPERM: operation not permitted, unlink 'C:\Users\yujin\Desktop\ittory_pj\ittory-client\node_modules\@rollup\rollup-win32-x64-msvc\rollup.win32-x64-msvc.node'

npm manifest: 
  {
    "name": "ittory-client",
    "private": true,
    "version": "0.0.0",
    "type": "module",
    "scripts": {
      "dev": "vite",
      "build": "tsc -b && vite build",
      "lint": "eslint . --ext ts,tsx --report-unused-disable-directives --max-warnings 0",
      "preview": "vite preview"
    },
    "dependencies": {
      "@types/react-responsive": "^8.0.8",
      "date-fns": "^3.6.0",
      "react": "^18.3.1",
      "react-dom": "^18.3.1",
      "react-responsive": "^10.0.0",
      "react-router-dom": "^6.25.1"
    },
    "devDependencies": {
      "@eslint/js": "^9.8.0",
      "@types/react": "^18.3.3",
      "@types/react-dom": "^18.3.0",
      "@typescript-eslint/eslint-plugin": "^7.17.0",
      "@typescript-eslint/parser": "^7.17.0",
      "@vitejs/plugin-react": "^4.3.1",
      "eslint": "^9.8.0",
      "eslint-config-prettier": "^9.1.0",
      "eslint-plugin-prettier": "^5.2.1",
      "eslint-plugin-react": "^7.35.0",
      "eslint-plugin-react-hooks": "^4.6.2",
      "eslint-plugin-react-refresh": "^0.4.7",
      "globals": "^15.8.0",
      "prettier": "^3.3.3",
      "typescript": "^5.2.2",
      "typescript-eslint": "^7.17.0",
      "vite": "^5.3.1"
    }
  }

yarn manifest: 
  No manifest

Lockfile: 
  No lockfile
